<?xml version="1.0" encoding="UTF-8"?>
<!-- Generated by org.testng.reporters.JUnitReportReporter -->
<testsuite skipped="0" hostname="prasad-siva" name="com.project.Testngproject.LoginForm" tests="2" failures="0" timestamp="18 Jul 2020 14:42:29 GMT" time="60.866" errors="0">
  <testcase name="LoginPageTest" time="31.474" classname="com.project.Testngproject.LoginForm"/>
  <testcase name="invalidLoginTest" time="29.392" classname="com.project.Testngproject.LoginForm"/>
</testsuite> <!-- com.project.Testngproject.LoginForm -->
