<?xml version="1.0" encoding="UTF-8"?>
<!-- Generated by org.testng.reporters.JUnitReportReporter -->
<testsuite skipped="0" hostname="prasad-siva" name="com.project.Testngproject.SearchCartAutomation" tests="2" failures="0" timestamp="18 Jul 2020 14:42:29 GMT" time="71.352" errors="0">
  <testcase name="SearchbarCheck" time="27.085" classname="com.project.Testngproject.SearchCartAutomation"/>
  <testcase name="addCartAutomation" time="44.267" classname="com.project.Testngproject.SearchCartAutomation"/>
</testsuite> <!-- com.project.Testngproject.SearchCartAutomation -->
