<?xml version="1.0" encoding="UTF-8"?>
<!-- Generated by org.testng.reporters.JUnitReportReporter -->
<testsuite skipped="0" hostname="prasad-siva" name="com.project.Testngproject.RegistrationFormTest" tests="1" failures="0" timestamp="18 Jul 2020 14:42:29 GMT" time="97.818" errors="0">
  <testcase name="ShowRegistration" time="97.818" classname="com.project.Testngproject.RegistrationFormTest"/>
</testsuite> <!-- com.project.Testngproject.RegistrationFormTest -->
